<?xml version="1.0" encoding="UTF-8"?>
<testng-results ignored="0" total="15" passed="15" failed="0" skipped="0">
  <reporter-output>
  </reporter-output>
  <suite started-at="2025-07-12T13:13:18 IST" name="ElPaisCrossBrowserSuite" finished-at="2025-07-12T13:16:22 IST" duration-ms="184061">
    <groups>
    </groups>
    <test started-at="2025-07-12T13:13:18 IST" name="Firefox_Mac" finished-at="2025-07-12T13:15:33 IST" duration-ms="135196">
      <class name="tests.OpinionTest">
        <test-method is-config="true" signature="setUp(java.lang.String,java.lang.String,java.lang.String,java.lang.String,java.lang.String)[pri:0, instance:tests.OpinionTest@3f191845]" started-at="2025-07-12T13:13:28 IST" name="setUp" finished-at="2025-07-12T13:13:32 IST" duration-ms="4110" status="PASS">
          <params>
            <param index="0">
              <value>
                <![CDATA[OS X]]>
              </value>
            </param>
            <param index="1">
              <value>
                <![CDATA[Monterey]]>
              </value>
            </param>
            <param index="2">
              <value>
                <![CDATA[firefox]]>
              </value>
            </param>
            <param index="3">
              <value>
                <![CDATA[latest]]>
              </value>
            </param>
            <param index="4">
              <value>
                <![CDATA[]]>
              </value>
            </param>
          </params>
          <reporter-output>
          </reporter-output>
        </test-method> <!-- setUp -->
        <test-method signature="scrapeTopFiveOpinionArticles()[pri:0, instance:tests.OpinionTest@3f191845]" started-at="2025-07-12T13:13:32 IST" name="scrapeTopFiveOpinionArticles" finished-at="2025-07-12T13:14:56 IST" duration-ms="84103" status="PASS">
          <reporter-output>
          </reporter-output>
        </test-method> <!-- scrapeTopFiveOpinionArticles -->
        <test-method is-config="true" signature="tearDown(org.testng.ITestResult)[pri:0, instance:tests.OpinionTest@3f191845]" started-at="2025-07-12T13:14:56 IST" name="tearDown" finished-at="2025-07-12T13:14:58 IST" duration-ms="1858" status="PASS">
          <params>
            <param index="0">
              <value>
                <![CDATA[[TestResult name=scrapeTopFiveOpinionArticles status=SUCCESS method=OpinionTest.scrapeTopFiveOpinionArticles()[pri:0, instance:tests.OpinionTest@3f191845] output={null}]]]>
              </value>
            </param>
          </params>
          <reporter-output>
          </reporter-output>
        </test-method> <!-- tearDown -->
      </class> <!-- tests.OpinionTest -->
      <class name="tests.TranslateTitleTest">
        <test-method is-config="true" signature="setUp(java.lang.String,java.lang.String,java.lang.String,java.lang.String,java.lang.String)[pri:0, instance:tests.TranslateTitleTest@5f049ea1]" started-at="2025-07-12T13:14:58 IST" name="setUp" finished-at="2025-07-12T13:15:03 IST" duration-ms="4566" status="PASS">
          <params>
            <param index="0">
              <value>
                <![CDATA[OS X]]>
              </value>
            </param>
            <param index="1">
              <value>
                <![CDATA[Monterey]]>
              </value>
            </param>
            <param index="2">
              <value>
                <![CDATA[firefox]]>
              </value>
            </param>
            <param index="3">
              <value>
                <![CDATA[latest]]>
              </value>
            </param>
            <param index="4">
              <value>
                <![CDATA[]]>
              </value>
            </param>
          </params>
          <reporter-output>
          </reporter-output>
        </test-method> <!-- setUp -->
        <test-method signature="translateArticleTitlesAndAnalyze()[pri:0, instance:tests.TranslateTitleTest@5f049ea1]" started-at="2025-07-12T13:15:03 IST" name="translateArticleTitlesAndAnalyze" finished-at="2025-07-12T13:15:31 IST" duration-ms="28552" status="PASS">
          <reporter-output>
          </reporter-output>
        </test-method> <!-- translateArticleTitlesAndAnalyze -->
        <test-method is-config="true" signature="tearDown(org.testng.ITestResult)[pri:0, instance:tests.TranslateTitleTest@5f049ea1]" started-at="2025-07-12T13:15:31 IST" name="tearDown" finished-at="2025-07-12T13:15:33 IST" duration-ms="1812" status="PASS">
          <params>
            <param index="0">
              <value>
                <![CDATA[[TestResult name=translateArticleTitlesAndAnalyze status=SUCCESS method=TranslateTitleTest.translateArticleTitlesAndAnalyze()[pri:0, instance:tests.TranslateTitleTest@5f049ea1] output={null}]]]>
              </value>
            </param>
          </params>
          <reporter-output>
          </reporter-output>
        </test-method> <!-- tearDown -->
      </class> <!-- tests.TranslateTitleTest -->
      <class name="tests.ElPaisTest">
        <test-method is-config="true" signature="setUp(java.lang.String,java.lang.String,java.lang.String,java.lang.String,java.lang.String)[pri:0, instance:tests.ElPaisTest@3ba987b8]" started-at="2025-07-12T13:13:18 IST" name="setUp" finished-at="2025-07-12T13:13:24 IST" duration-ms="5800" status="PASS">
          <params>
            <param index="0">
              <value>
                <![CDATA[OS X]]>
              </value>
            </param>
            <param index="1">
              <value>
                <![CDATA[Monterey]]>
              </value>
            </param>
            <param index="2">
              <value>
                <![CDATA[firefox]]>
              </value>
            </param>
            <param index="3">
              <value>
                <![CDATA[latest]]>
              </value>
            </param>
            <param index="4">
              <value>
                <![CDATA[]]>
              </value>
            </param>
          </params>
          <reporter-output>
          </reporter-output>
        </test-method> <!-- setUp -->
        <test-method signature="testWebsiteIsInSpanish()[pri:0, instance:tests.ElPaisTest@3ba987b8]" started-at="2025-07-12T13:13:24 IST" name="testWebsiteIsInSpanish" finished-at="2025-07-12T13:13:26 IST" duration-ms="2435" status="PASS">
          <reporter-output>
          </reporter-output>
        </test-method> <!-- testWebsiteIsInSpanish -->
        <test-method is-config="true" signature="tearDown(org.testng.ITestResult)[pri:0, instance:tests.ElPaisTest@3ba987b8]" started-at="2025-07-12T13:13:26 IST" name="tearDown" finished-at="2025-07-12T13:13:28 IST" duration-ms="1868" status="PASS">
          <params>
            <param index="0">
              <value>
                <![CDATA[[TestResult name=testWebsiteIsInSpanish status=SUCCESS method=ElPaisTest.testWebsiteIsInSpanish()[pri:0, instance:tests.ElPaisTest@3ba987b8] output={null}]]]>
              </value>
            </param>
          </params>
          <reporter-output>
          </reporter-output>
        </test-method> <!-- tearDown -->
      </class> <!-- tests.ElPaisTest -->
    </test> <!-- Firefox_Mac -->
    <test started-at="2025-07-12T13:13:18 IST" name="Safari_iPhone" finished-at="2025-07-12T13:16:09 IST" duration-ms="170608">
      <class name="tests.OpinionTest">
        <test-method is-config="true" signature="setUp(java.lang.String,java.lang.String,java.lang.String,java.lang.String,java.lang.String)[pri:0, instance:tests.OpinionTest@48075da3]" started-at="2025-07-12T13:13:41 IST" name="setUp" finished-at="2025-07-12T13:13:59 IST" duration-ms="18117" status="PASS">
          <params>
            <param index="0">
              <value>
                <![CDATA[]]>
              </value>
            </param>
            <param index="1">
              <value>
                <![CDATA[]]>
              </value>
            </param>
            <param index="2">
              <value>
                <![CDATA[safari]]>
              </value>
            </param>
            <param index="3">
              <value>
                <![CDATA[]]>
              </value>
            </param>
            <param index="4">
              <value>
                <![CDATA[iPhone 13]]>
              </value>
            </param>
          </params>
          <reporter-output>
          </reporter-output>
        </test-method> <!-- setUp -->
        <test-method signature="scrapeTopFiveOpinionArticles()[pri:0, instance:tests.OpinionTest@48075da3]" started-at="2025-07-12T13:13:59 IST" name="scrapeTopFiveOpinionArticles" finished-at="2025-07-12T13:15:27 IST" duration-ms="87746" status="PASS">
          <reporter-output>
          </reporter-output>
        </test-method> <!-- scrapeTopFiveOpinionArticles -->
        <test-method is-config="true" signature="tearDown(org.testng.ITestResult)[pri:0, instance:tests.OpinionTest@48075da3]" started-at="2025-07-12T13:15:27 IST" name="tearDown" finished-at="2025-07-12T13:15:28 IST" duration-ms="1733" status="PASS">
          <params>
            <param index="0">
              <value>
                <![CDATA[[TestResult name=scrapeTopFiveOpinionArticles status=SUCCESS method=OpinionTest.scrapeTopFiveOpinionArticles()[pri:0, instance:tests.OpinionTest@48075da3] output={null}]]]>
              </value>
            </param>
          </params>
          <reporter-output>
          </reporter-output>
        </test-method> <!-- tearDown -->
      </class> <!-- tests.OpinionTest -->
      <class name="tests.TranslateTitleTest">
        <test-method is-config="true" signature="setUp(java.lang.String,java.lang.String,java.lang.String,java.lang.String,java.lang.String)[pri:0, instance:tests.TranslateTitleTest@68c9133c]" started-at="2025-07-12T13:15:28 IST" name="setUp" finished-at="2025-07-12T13:15:46 IST" duration-ms="17723" status="PASS">
          <params>
            <param index="0">
              <value>
                <![CDATA[]]>
              </value>
            </param>
            <param index="1">
              <value>
                <![CDATA[]]>
              </value>
            </param>
            <param index="2">
              <value>
                <![CDATA[safari]]>
              </value>
            </param>
            <param index="3">
              <value>
                <![CDATA[]]>
              </value>
            </param>
            <param index="4">
              <value>
                <![CDATA[iPhone 13]]>
              </value>
            </param>
          </params>
          <reporter-output>
          </reporter-output>
        </test-method> <!-- setUp -->
        <test-method signature="translateArticleTitlesAndAnalyze()[pri:0, instance:tests.TranslateTitleTest@68c9133c]" started-at="2025-07-12T13:15:46 IST" name="translateArticleTitlesAndAnalyze" finished-at="2025-07-12T13:16:07 IST" duration-ms="20531" status="PASS">
          <reporter-output>
          </reporter-output>
        </test-method> <!-- translateArticleTitlesAndAnalyze -->
        <test-method is-config="true" signature="tearDown(org.testng.ITestResult)[pri:0, instance:tests.TranslateTitleTest@68c9133c]" started-at="2025-07-12T13:16:07 IST" name="tearDown" finished-at="2025-07-12T13:16:09 IST" duration-ms="1851" status="PASS">
          <params>
            <param index="0">
              <value>
                <![CDATA[[TestResult name=translateArticleTitlesAndAnalyze status=SUCCESS method=TranslateTitleTest.translateArticleTitlesAndAnalyze()[pri:0, instance:tests.TranslateTitleTest@68c9133c] output={null}]]]>
              </value>
            </param>
          </params>
          <reporter-output>
          </reporter-output>
        </test-method> <!-- tearDown -->
      </class> <!-- tests.TranslateTitleTest -->
      <class name="tests.ElPaisTest">
        <test-method is-config="true" signature="setUp(java.lang.String,java.lang.String,java.lang.String,java.lang.String,java.lang.String)[pri:0, instance:tests.ElPaisTest@8458f04]" started-at="2025-07-12T13:13:18 IST" name="setUp" finished-at="2025-07-12T13:13:37 IST" duration-ms="18909" status="PASS">
          <params>
            <param index="0">
              <value>
                <![CDATA[]]>
              </value>
            </param>
            <param index="1">
              <value>
                <![CDATA[]]>
              </value>
            </param>
            <param index="2">
              <value>
                <![CDATA[safari]]>
              </value>
            </param>
            <param index="3">
              <value>
                <![CDATA[]]>
              </value>
            </param>
            <param index="4">
              <value>
                <![CDATA[iPhone 13]]>
              </value>
            </param>
          </params>
          <reporter-output>
          </reporter-output>
        </test-method> <!-- setUp -->
        <test-method signature="testWebsiteIsInSpanish()[pri:0, instance:tests.ElPaisTest@8458f04]" started-at="2025-07-12T13:13:37 IST" name="testWebsiteIsInSpanish" finished-at="2025-07-12T13:13:39 IST" duration-ms="2264" status="PASS">
          <reporter-output>
          </reporter-output>
        </test-method> <!-- testWebsiteIsInSpanish -->
        <test-method is-config="true" signature="tearDown(org.testng.ITestResult)[pri:0, instance:tests.ElPaisTest@8458f04]" started-at="2025-07-12T13:13:39 IST" name="tearDown" finished-at="2025-07-12T13:13:41 IST" duration-ms="1689" status="PASS">
          <params>
            <param index="0">
              <value>
                <![CDATA[[TestResult name=testWebsiteIsInSpanish status=SUCCESS method=ElPaisTest.testWebsiteIsInSpanish()[pri:0, instance:tests.ElPaisTest@8458f04] output={null}]]]>
              </value>
            </param>
          </params>
          <reporter-output>
          </reporter-output>
        </test-method> <!-- tearDown -->
      </class> <!-- tests.ElPaisTest -->
    </test> <!-- Safari_iPhone -->
    <test started-at="2025-07-12T13:13:18 IST" name="Edge_Windows" finished-at="2025-07-12T13:16:10 IST" duration-ms="171706">
      <class name="tests.OpinionTest">
        <test-method is-config="true" signature="setUp(java.lang.String,java.lang.String,java.lang.String,java.lang.String,java.lang.String)[pri:0, instance:tests.OpinionTest@72035809]" started-at="2025-07-12T13:13:38 IST" name="setUp" finished-at="2025-07-12T13:13:51 IST" duration-ms="12692" status="PASS">
          <params>
            <param index="0">
              <value>
                <![CDATA[Windows]]>
              </value>
            </param>
            <param index="1">
              <value>
                <![CDATA[11]]>
              </value>
            </param>
            <param index="2">
              <value>
                <![CDATA[edge]]>
              </value>
            </param>
            <param index="3">
              <value>
                <![CDATA[latest]]>
              </value>
            </param>
            <param index="4">
              <value>
                <![CDATA[]]>
              </value>
            </param>
          </params>
          <reporter-output>
          </reporter-output>
        </test-method> <!-- setUp -->
        <test-method signature="scrapeTopFiveOpinionArticles()[pri:0, instance:tests.OpinionTest@72035809]" started-at="2025-07-12T13:13:51 IST" name="scrapeTopFiveOpinionArticles" finished-at="2025-07-12T13:15:18 IST" duration-ms="87540" status="PASS">
          <reporter-output>
          </reporter-output>
        </test-method> <!-- scrapeTopFiveOpinionArticles -->
        <test-method is-config="true" signature="tearDown(org.testng.ITestResult)[pri:0, instance:tests.OpinionTest@72035809]" started-at="2025-07-12T13:15:18 IST" name="tearDown" finished-at="2025-07-12T13:15:20 IST" duration-ms="1826" status="PASS">
          <params>
            <param index="0">
              <value>
                <![CDATA[[TestResult name=scrapeTopFiveOpinionArticles status=SUCCESS method=OpinionTest.scrapeTopFiveOpinionArticles()[pri:0, instance:tests.OpinionTest@72035809] output={null}]]]>
              </value>
            </param>
          </params>
          <reporter-output>
          </reporter-output>
        </test-method> <!-- tearDown -->
      </class> <!-- tests.OpinionTest -->
      <class name="tests.TranslateTitleTest">
        <test-method is-config="true" signature="setUp(java.lang.String,java.lang.String,java.lang.String,java.lang.String,java.lang.String)[pri:0, instance:tests.TranslateTitleTest@909217e]" started-at="2025-07-12T13:15:20 IST" name="setUp" finished-at="2025-07-12T13:15:28 IST" duration-ms="7664" status="PASS">
          <params>
            <param index="0">
              <value>
                <![CDATA[Windows]]>
              </value>
            </param>
            <param index="1">
              <value>
                <![CDATA[11]]>
              </value>
            </param>
            <param index="2">
              <value>
                <![CDATA[edge]]>
              </value>
            </param>
            <param index="3">
              <value>
                <![CDATA[latest]]>
              </value>
            </param>
            <param index="4">
              <value>
                <![CDATA[]]>
              </value>
            </param>
          </params>
          <reporter-output>
          </reporter-output>
        </test-method> <!-- setUp -->
        <test-method signature="translateArticleTitlesAndAnalyze()[pri:0, instance:tests.TranslateTitleTest@909217e]" started-at="2025-07-12T13:15:28 IST" name="translateArticleTitlesAndAnalyze" finished-at="2025-07-12T13:16:08 IST" duration-ms="39993" status="PASS">
          <reporter-output>
          </reporter-output>
        </test-method> <!-- translateArticleTitlesAndAnalyze -->
        <test-method is-config="true" signature="tearDown(org.testng.ITestResult)[pri:0, instance:tests.TranslateTitleTest@909217e]" started-at="2025-07-12T13:16:08 IST" name="tearDown" finished-at="2025-07-12T13:16:10 IST" duration-ms="1822" status="PASS">
          <params>
            <param index="0">
              <value>
                <![CDATA[[TestResult name=translateArticleTitlesAndAnalyze status=SUCCESS method=TranslateTitleTest.translateArticleTitlesAndAnalyze()[pri:0, instance:tests.TranslateTitleTest@909217e] output={null}]]]>
              </value>
            </param>
          </params>
          <reporter-output>
          </reporter-output>
        </test-method> <!-- tearDown -->
      </class> <!-- tests.TranslateTitleTest -->
      <class name="tests.ElPaisTest">
        <test-method is-config="true" signature="setUp(java.lang.String,java.lang.String,java.lang.String,java.lang.String,java.lang.String)[pri:0, instance:tests.ElPaisTest@5afa3c9]" started-at="2025-07-12T13:13:18 IST" name="setUp" finished-at="2025-07-12T13:13:28 IST" duration-ms="10075" status="PASS">
          <params>
            <param index="0">
              <value>
                <![CDATA[Windows]]>
              </value>
            </param>
            <param index="1">
              <value>
                <![CDATA[11]]>
              </value>
            </param>
            <param index="2">
              <value>
                <![CDATA[edge]]>
              </value>
            </param>
            <param index="3">
              <value>
                <![CDATA[latest]]>
              </value>
            </param>
            <param index="4">
              <value>
                <![CDATA[]]>
              </value>
            </param>
          </params>
          <reporter-output>
          </reporter-output>
        </test-method> <!-- setUp -->
        <test-method signature="testWebsiteIsInSpanish()[pri:0, instance:tests.ElPaisTest@5afa3c9]" started-at="2025-07-12T13:13:28 IST" name="testWebsiteIsInSpanish" finished-at="2025-07-12T13:13:36 IST" duration-ms="8355" status="PASS">
          <reporter-output>
          </reporter-output>
        </test-method> <!-- testWebsiteIsInSpanish -->
        <test-method is-config="true" signature="tearDown(org.testng.ITestResult)[pri:0, instance:tests.ElPaisTest@5afa3c9]" started-at="2025-07-12T13:13:36 IST" name="tearDown" finished-at="2025-07-12T13:13:38 IST" duration-ms="1694" status="PASS">
          <params>
            <param index="0">
              <value>
                <![CDATA[[TestResult name=testWebsiteIsInSpanish status=SUCCESS method=ElPaisTest.testWebsiteIsInSpanish()[pri:0, instance:tests.ElPaisTest@5afa3c9] output={null}]]]>
              </value>
            </param>
          </params>
          <reporter-output>
          </reporter-output>
        </test-method> <!-- tearDown -->
      </class> <!-- tests.ElPaisTest -->
    </test> <!-- Edge_Windows -->
    <test started-at="2025-07-12T13:13:18 IST" name="Chrome_Windows" finished-at="2025-07-12T13:16:18 IST" duration-ms="179842">
      <class name="tests.OpinionTest">
        <test-method is-config="true" signature="setUp(java.lang.String,java.lang.String,java.lang.String,java.lang.String,java.lang.String)[pri:0, instance:tests.OpinionTest@1530c739]" started-at="2025-07-12T13:13:35 IST" name="setUp" finished-at="2025-07-12T13:13:40 IST" duration-ms="5949" status="PASS">
          <params>
            <param index="0">
              <value>
                <![CDATA[Windows]]>
              </value>
            </param>
            <param index="1">
              <value>
                <![CDATA[11]]>
              </value>
            </param>
            <param index="2">
              <value>
                <![CDATA[chrome]]>
              </value>
            </param>
            <param index="3">
              <value>
                <![CDATA[latest]]>
              </value>
            </param>
            <param index="4">
              <value>
                <![CDATA[]]>
              </value>
            </param>
          </params>
          <reporter-output>
          </reporter-output>
        </test-method> <!-- setUp -->
        <test-method signature="scrapeTopFiveOpinionArticles()[pri:0, instance:tests.OpinionTest@1530c739]" started-at="2025-07-12T13:13:40 IST" name="scrapeTopFiveOpinionArticles" finished-at="2025-07-12T13:15:18 IST" duration-ms="97598" status="PASS">
          <reporter-output>
          </reporter-output>
        </test-method> <!-- scrapeTopFiveOpinionArticles -->
        <test-method is-config="true" signature="tearDown(org.testng.ITestResult)[pri:0, instance:tests.OpinionTest@1530c739]" started-at="2025-07-12T13:15:18 IST" name="tearDown" finished-at="2025-07-12T13:15:20 IST" duration-ms="1842" status="PASS">
          <params>
            <param index="0">
              <value>
                <![CDATA[[TestResult name=scrapeTopFiveOpinionArticles status=SUCCESS method=OpinionTest.scrapeTopFiveOpinionArticles()[pri:0, instance:tests.OpinionTest@1530c739] output={null}]]]>
              </value>
            </param>
          </params>
          <reporter-output>
          </reporter-output>
        </test-method> <!-- tearDown -->
      </class> <!-- tests.OpinionTest -->
      <class name="tests.TranslateTitleTest">
        <test-method is-config="true" signature="setUp(java.lang.String,java.lang.String,java.lang.String,java.lang.String,java.lang.String)[pri:0, instance:tests.TranslateTitleTest@5b1669c0]" started-at="2025-07-12T13:15:20 IST" name="setUp" finished-at="2025-07-12T13:15:37 IST" duration-ms="16780" status="PASS">
          <params>
            <param index="0">
              <value>
                <![CDATA[Windows]]>
              </value>
            </param>
            <param index="1">
              <value>
                <![CDATA[11]]>
              </value>
            </param>
            <param index="2">
              <value>
                <![CDATA[chrome]]>
              </value>
            </param>
            <param index="3">
              <value>
                <![CDATA[latest]]>
              </value>
            </param>
            <param index="4">
              <value>
                <![CDATA[]]>
              </value>
            </param>
          </params>
          <reporter-output>
          </reporter-output>
        </test-method> <!-- setUp -->
        <test-method signature="translateArticleTitlesAndAnalyze()[pri:0, instance:tests.TranslateTitleTest@5b1669c0]" started-at="2025-07-12T13:15:37 IST" name="translateArticleTitlesAndAnalyze" finished-at="2025-07-12T13:16:16 IST" duration-ms="39283" status="PASS">
          <reporter-output>
          </reporter-output>
        </test-method> <!-- translateArticleTitlesAndAnalyze -->
        <test-method is-config="true" signature="tearDown(org.testng.ITestResult)[pri:0, instance:tests.TranslateTitleTest@5b1669c0]" started-at="2025-07-12T13:16:16 IST" name="tearDown" finished-at="2025-07-12T13:16:18 IST" duration-ms="1749" status="PASS">
          <params>
            <param index="0">
              <value>
                <![CDATA[[TestResult name=translateArticleTitlesAndAnalyze status=SUCCESS method=TranslateTitleTest.translateArticleTitlesAndAnalyze()[pri:0, instance:tests.TranslateTitleTest@5b1669c0] output={null}]]]>
              </value>
            </param>
          </params>
          <reporter-output>
          </reporter-output>
        </test-method> <!-- tearDown -->
      </class> <!-- tests.TranslateTitleTest -->
      <class name="tests.ElPaisTest">
        <test-method is-config="true" signature="setUp(java.lang.String,java.lang.String,java.lang.String,java.lang.String,java.lang.String)[pri:0, instance:tests.ElPaisTest@52719fb6]" started-at="2025-07-12T13:13:18 IST" name="setUp" finished-at="2025-07-12T13:13:25 IST" duration-ms="7226" status="PASS">
          <params>
            <param index="0">
              <value>
                <![CDATA[Windows]]>
              </value>
            </param>
            <param index="1">
              <value>
                <![CDATA[11]]>
              </value>
            </param>
            <param index="2">
              <value>
                <![CDATA[chrome]]>
              </value>
            </param>
            <param index="3">
              <value>
                <![CDATA[latest]]>
              </value>
            </param>
            <param index="4">
              <value>
                <![CDATA[]]>
              </value>
            </param>
          </params>
          <reporter-output>
          </reporter-output>
        </test-method> <!-- setUp -->
        <test-method signature="testWebsiteIsInSpanish()[pri:0, instance:tests.ElPaisTest@52719fb6]" started-at="2025-07-12T13:13:25 IST" name="testWebsiteIsInSpanish" finished-at="2025-07-12T13:13:33 IST" duration-ms="7685" status="PASS">
          <reporter-output>
          </reporter-output>
        </test-method> <!-- testWebsiteIsInSpanish -->
        <test-method is-config="true" signature="tearDown(org.testng.ITestResult)[pri:0, instance:tests.ElPaisTest@52719fb6]" started-at="2025-07-12T13:13:33 IST" name="tearDown" finished-at="2025-07-12T13:13:35 IST" duration-ms="1685" status="PASS">
          <params>
            <param index="0">
              <value>
                <![CDATA[[TestResult name=testWebsiteIsInSpanish status=SUCCESS method=ElPaisTest.testWebsiteIsInSpanish()[pri:0, instance:tests.ElPaisTest@52719fb6] output={null}]]]>
              </value>
            </param>
          </params>
          <reporter-output>
          </reporter-output>
        </test-method> <!-- tearDown -->
      </class> <!-- tests.ElPaisTest -->
    </test> <!-- Chrome_Windows -->
    <test started-at="2025-07-12T13:13:18 IST" name="Chrome_Android" finished-at="2025-07-12T13:16:22 IST" duration-ms="184061">
      <class name="tests.OpinionTest">
        <test-method is-config="true" signature="setUp(java.lang.String,java.lang.String,java.lang.String,java.lang.String,java.lang.String)[pri:0, instance:tests.OpinionTest@cc43f62]" started-at="2025-07-12T13:13:41 IST" name="setUp" finished-at="2025-07-12T13:13:58 IST" duration-ms="16745" status="PASS">
          <params>
            <param index="0">
              <value>
                <![CDATA[]]>
              </value>
            </param>
            <param index="1">
              <value>
                <![CDATA[]]>
              </value>
            </param>
            <param index="2">
              <value>
                <![CDATA[chrome]]>
              </value>
            </param>
            <param index="3">
              <value>
                <![CDATA[]]>
              </value>
            </param>
            <param index="4">
              <value>
                <![CDATA[Samsung Galaxy S22]]>
              </value>
            </param>
          </params>
          <reporter-output>
          </reporter-output>
        </test-method> <!-- setUp -->
        <test-method signature="scrapeTopFiveOpinionArticles()[pri:0, instance:tests.OpinionTest@cc43f62]" started-at="2025-07-12T13:13:58 IST" name="scrapeTopFiveOpinionArticles" finished-at="2025-07-12T13:15:31 IST" duration-ms="92532" status="PASS">
          <reporter-output>
          </reporter-output>
        </test-method> <!-- scrapeTopFiveOpinionArticles -->
        <test-method is-config="true" signature="tearDown(org.testng.ITestResult)[pri:0, instance:tests.OpinionTest@cc43f62]" started-at="2025-07-12T13:15:31 IST" name="tearDown" finished-at="2025-07-12T13:15:32 IST" duration-ms="1684" status="PASS">
          <params>
            <param index="0">
              <value>
                <![CDATA[[TestResult name=scrapeTopFiveOpinionArticles status=SUCCESS method=OpinionTest.scrapeTopFiveOpinionArticles()[pri:0, instance:tests.OpinionTest@cc43f62] output={null}]]]>
              </value>
            </param>
          </params>
          <reporter-output>
          </reporter-output>
        </test-method> <!-- tearDown -->
      </class> <!-- tests.OpinionTest -->
      <class name="tests.TranslateTitleTest">
        <test-method is-config="true" signature="setUp(java.lang.String,java.lang.String,java.lang.String,java.lang.String,java.lang.String)[pri:0, instance:tests.TranslateTitleTest@5b218417]" started-at="2025-07-12T13:15:32 IST" name="setUp" finished-at="2025-07-12T13:15:50 IST" duration-ms="17443" status="PASS">
          <params>
            <param index="0">
              <value>
                <![CDATA[]]>
              </value>
            </param>
            <param index="1">
              <value>
                <![CDATA[]]>
              </value>
            </param>
            <param index="2">
              <value>
                <![CDATA[chrome]]>
              </value>
            </param>
            <param index="3">
              <value>
                <![CDATA[]]>
              </value>
            </param>
            <param index="4">
              <value>
                <![CDATA[Samsung Galaxy S22]]>
              </value>
            </param>
          </params>
          <reporter-output>
          </reporter-output>
        </test-method> <!-- setUp -->
        <test-method signature="translateArticleTitlesAndAnalyze()[pri:0, instance:tests.TranslateTitleTest@5b218417]" started-at="2025-07-12T13:15:50 IST" name="translateArticleTitlesAndAnalyze" finished-at="2025-07-12T13:16:20 IST" duration-ms="30360" status="PASS">
          <reporter-output>
          </reporter-output>
        </test-method> <!-- translateArticleTitlesAndAnalyze -->
        <test-method is-config="true" signature="tearDown(org.testng.ITestResult)[pri:0, instance:tests.TranslateTitleTest@5b218417]" started-at="2025-07-12T13:16:20 IST" name="tearDown" finished-at="2025-07-12T13:16:22 IST" duration-ms="1945" status="PASS">
          <params>
            <param index="0">
              <value>
                <![CDATA[[TestResult name=translateArticleTitlesAndAnalyze status=SUCCESS method=TranslateTitleTest.translateArticleTitlesAndAnalyze()[pri:0, instance:tests.TranslateTitleTest@5b218417] output={null}]]]>
              </value>
            </param>
          </params>
          <reporter-output>
          </reporter-output>
        </test-method> <!-- tearDown -->
      </class> <!-- tests.TranslateTitleTest -->
      <class name="tests.ElPaisTest">
        <test-method is-config="true" signature="setUp(java.lang.String,java.lang.String,java.lang.String,java.lang.String,java.lang.String)[pri:0, instance:tests.ElPaisTest@2cb4893b]" started-at="2025-07-12T13:13:18 IST" name="setUp" finished-at="2025-07-12T13:13:35 IST" duration-ms="17330" status="PASS">
          <params>
            <param index="0">
              <value>
                <![CDATA[]]>
              </value>
            </param>
            <param index="1">
              <value>
                <![CDATA[]]>
              </value>
            </param>
            <param index="2">
              <value>
                <![CDATA[chrome]]>
              </value>
            </param>
            <param index="3">
              <value>
                <![CDATA[]]>
              </value>
            </param>
            <param index="4">
              <value>
                <![CDATA[Samsung Galaxy S22]]>
              </value>
            </param>
          </params>
          <reporter-output>
          </reporter-output>
        </test-method> <!-- setUp -->
        <test-method signature="testWebsiteIsInSpanish()[pri:0, instance:tests.ElPaisTest@2cb4893b]" started-at="2025-07-12T13:13:35 IST" name="testWebsiteIsInSpanish" finished-at="2025-07-12T13:13:39 IST" duration-ms="4189" status="PASS">
          <reporter-output>
          </reporter-output>
        </test-method> <!-- testWebsiteIsInSpanish -->
        <test-method is-config="true" signature="tearDown(org.testng.ITestResult)[pri:0, instance:tests.ElPaisTest@2cb4893b]" started-at="2025-07-12T13:13:39 IST" name="tearDown" finished-at="2025-07-12T13:13:41 IST" duration-ms="1788" status="PASS">
          <params>
            <param index="0">
              <value>
                <![CDATA[[TestResult name=testWebsiteIsInSpanish status=SUCCESS method=ElPaisTest.testWebsiteIsInSpanish()[pri:0, instance:tests.ElPaisTest@2cb4893b] output={null}]]]>
              </value>
            </param>
          </params>
          <reporter-output>
          </reporter-output>
        </test-method> <!-- tearDown -->
      </class> <!-- tests.ElPaisTest -->
    </test> <!-- Chrome_Android -->
  </suite> <!-- ElPaisCrossBrowserSuite -->
</testng-results>
