<?xml version="1.0" encoding="UTF-8"?>
<!-- Generated by org.testng.reporters.JUnitXMLReporter -->
<testsuite ignored="0" hostname="IGDCLT0278s-MBP.bbrouter" failures="0" tests="3" name="Chrome_Windows" time="179.842" errors="0" timestamp="2025-07-12T13:16:18 IST">
  <testcase classname="tests.ElPaisTest" name="testWebsiteIsInSpanish" time="7.685"/>
  <testcase classname="tests.OpinionTest" name="scrapeTopFiveOpinionArticles" time="97.598"/>
  <testcase classname="tests.TranslateTitleTest" name="translateArticleTitlesAndAnalyze" time="39.283"/>
</testsuite> <!-- Chrome_Windows -->
