<?xml version="1.0" encoding="UTF-8"?>
<!-- Generated by org.testng.reporters.JUnitXMLReporter -->
<testsuite ignored="0" hostname="IGDCLT0278s-MBP.bbrouter" failures="0" tests="3" name="Chrome_Android" time="184.061" errors="0" timestamp="2025-07-12T13:16:22 IST">
  <testcase classname="tests.ElPaisTest" name="testWebsiteIsInSpanish" time="4.189"/>
  <testcase classname="tests.OpinionTest" name="scrapeTopFiveOpinionArticles" time="92.532"/>
  <testcase classname="tests.TranslateTitleTest" name="translateArticleTitlesAndAnalyze" time="30.36"/>
</testsuite> <!-- Chrome_Android -->
