<?xml version="1.0" encoding="UTF-8"?>
<!-- Generated by org.testng.reporters.JUnitXMLReporter -->
<testsuite ignored="0" hostname="IGDCLT0278s-MBP.bbrouter" failures="0" tests="3" name="Edge_Windows" time="171.706" errors="0" timestamp="2025-07-12T13:16:10 IST">
  <testcase classname="tests.ElPaisTest" name="testWebsiteIsInSpanish" time="8.355"/>
  <testcase classname="tests.OpinionTest" name="scrapeTopFiveOpinionArticles" time="87.54"/>
  <testcase classname="tests.TranslateTitleTest" name="translateArticleTitlesAndAnalyze" time="39.993"/>
</testsuite> <!-- Edge_Windows -->
