<?xml version="1.0" encoding="UTF-8"?>
<!-- Generated by org.testng.reporters.JUnitXMLReporter -->
<testsuite ignored="0" hostname="IGDCLT0278s-MBP.bbrouter" failures="0" tests="3" name="Firefox_Mac" time="135.196" errors="0" timestamp="2025-07-12T13:15:33 IST">
  <testcase classname="tests.ElPaisTest" name="testWebsiteIsInSpanish" time="2.435"/>
  <testcase classname="tests.OpinionTest" name="scrapeTopFiveOpinionArticles" time="84.103"/>
  <testcase classname="tests.TranslateTitleTest" name="translateArticleTitlesAndAnalyze" time="28.552"/>
</testsuite> <!-- Firefox_Mac -->
