<?xml version="1.0" encoding="UTF-8"?>
<!-- Generated by org.testng.reporters.JUnitXMLReporter -->
<testsuite ignored="0" hostname="IGDCLT0278s-MBP.bbrouter" failures="0" tests="3" name="Safari_iPhone" time="170.608" errors="0" timestamp="2025-07-12T13:16:09 IST">
  <testcase classname="tests.ElPaisTest" name="testWebsiteIsInSpanish" time="2.264"/>
  <testcase classname="tests.OpinionTest" name="scrapeTopFiveOpinionArticles" time="87.746"/>
  <testcase classname="tests.TranslateTitleTest" name="translateArticleTitlesAndAnalyze" time="20.531"/>
</testsuite> <!-- Safari_iPhone -->
